date               : 2017-10-23 14:52:55
gnatprove version  : 2017 (20170515)
host               : Windows 32 bits
command line       : gnatprove.exe --assumptions --output-header -P security.gpr
gnatprove switches : --mode=all --prover=cvc4,z3,altergo --proof=progressive --steps=131072 -j3


Summary of SPARK analysis
=========================

-------------------------------------------------------------------------------------------------------------------------------------
SPARK Analysis results        Total         Flow   Interval   CodePeer                                 Provers   Justified   Unproved
-------------------------------------------------------------------------------------------------------------------------------------
Data Dependencies                 .            .          .          .                                       .           .          .
Flow Dependencies                 .            .          .          .                                       .           .          .
Initialization                  171          164          .          .                                       .           7          .
Non-Aliasing                      .            .          .          .                                       .           .          .
Run-time Checks                 187            .          .          .    187 (CVC4  99%, Z3  1%, altergo  0%)           .          .
Assertions                       22            .          .          .                  22 (CVC4  98%, Z3  2%)           .          .
Functional Contracts             21            .          .          .                  21 (CVC4  99%, Z3  1%)           .          .
LSP Verification                  .            .          .          .                                       .           .          .
-------------------------------------------------------------------------------------------------------------------------------------
Total                           401    164 (41%)          .          .                               230 (57%)      7 (2%)          .


Analyzed 2 units
in unit crypto, 5 subprograms and packages out of 5 analyzed
  Crypto at crypto.ads:29 flow analyzed (0 errors and 0 warnings) and proved (0 checks)
absence of run-time errors of Crypto fully established
  Crypto.Oadd at crypto.ads:51 flow analyzed (0 errors and 0 warnings) and proved (6 checks)
effects on parameters and Global variables of Crypto.Oadd fully established
absence of run-time errors of Crypto.Oadd fully established
  Crypto.Oadd.Add_Carry at crypto.adb:27 flow analyzed (0 errors and 0 warnings) and proved (1 checks)
the postcondition of Crypto.Oadd.Add_Carry fully established
effects on parameters and Global variables of Crypto.Oadd.Add_Carry fully established
absence of run-time errors of Crypto.Oadd.Add_Carry fully established
  Crypto.To_Stream at crypto.ads:64 flow analyzed (0 errors and 0 warnings) and proved (21 checks)
the postcondition of Crypto.To_Stream depends on
  effects on parameters and Global variables of Interfaces.Shift_Right
  absence of run-time errors of Interfaces.Shift_Right
effects on parameters and Global variables of Crypto.To_Stream depends on
  effects on parameters and Global variables of Interfaces.Shift_Right
absence of run-time errors of Crypto.To_Stream depends on
  effects on parameters and Global variables of Interfaces.Shift_Right
  absence of run-time errors of Interfaces.Shift_Right
  Crypto.To_Unsigned at crypto.ads:79 flow analyzed (0 errors and 0 warnings) and proved (16 checks)
the postcondition of Crypto.To_Unsigned depends on
  effects on parameters and Global variables of Interfaces.Shift_Left
  absence of run-time errors of Interfaces.Shift_Left
effects on parameters and Global variables of Crypto.To_Unsigned depends on
  effects on parameters and Global variables of Interfaces.Shift_Left
absence of run-time errors of Crypto.To_Unsigned depends on
  effects on parameters and Global variables of Interfaces.Shift_Left
  absence of run-time errors of Interfaces.Shift_Left
in unit crypto-phelix, 26 subprograms and packages out of 26 analyzed
  Crypto.Phelix at crypto-phelix.ads:57 flow analyzed (0 errors and 0 warnings) and proved (1 checks)
absence of run-time errors of Crypto.Phelix fully established
  Crypto.Phelix.Context at crypto-phelix.ads:72 flow analyzed (0 errors and 0 warnings) and proved (0 checks)
absence of run-time errors of Crypto.Phelix.Context fully established
  Crypto.Phelix.Ctx_AAD_Len at crypto-phelix.ads:75 flow analyzed (0 errors and 0 warnings) and proved (0 checks)
effects on parameters and Global variables of Crypto.Phelix.Ctx_AAD_Len fully established
absence of run-time errors of Crypto.Phelix.Ctx_AAD_Len fully established
  Crypto.Phelix.Ctx_AAD_Xor at crypto-phelix.ads:371 flow analyzed (0 errors and 0 warnings) and proved (0 checks)
effects on parameters and Global variables of Crypto.Phelix.Ctx_AAD_Xor fully established
absence of run-time errors of Crypto.Phelix.Ctx_AAD_Xor fully established
  Crypto.Phelix.Ctx_I at crypto-phelix.ads:79 flow analyzed (0 errors and 0 warnings) and proved (0 checks)
effects on parameters and Global variables of Crypto.Phelix.Ctx_I fully established
absence of run-time errors of Crypto.Phelix.Ctx_I fully established
  Crypto.Phelix.Ctx_Key_Size at crypto-phelix.ads:83 flow analyzed (0 errors and 0 warnings) and proved (0 checks)
effects on parameters and Global variables of Crypto.Phelix.Ctx_Key_Size fully established
absence of run-time errors of Crypto.Phelix.Ctx_Key_Size fully established
  Crypto.Phelix.Ctx_Mac_Size at crypto-phelix.ads:87 flow analyzed (0 errors and 0 warnings) and proved (0 checks)
effects on parameters and Global variables of Crypto.Phelix.Ctx_Mac_Size fully established
absence of run-time errors of Crypto.Phelix.Ctx_Mac_Size fully established
  Crypto.Phelix.Ctx_Msg_Len at crypto-phelix.ads:91 flow analyzed (0 errors and 0 warnings) and proved (0 checks)
effects on parameters and Global variables of Crypto.Phelix.Ctx_Msg_Len fully established
absence of run-time errors of Crypto.Phelix.Ctx_Msg_Len fully established
  Crypto.Phelix.Decrypt_Bytes at crypto-phelix.ads:283 flow analyzed (0 errors and 0 warnings) and proved (35 checks)
   suppressed messages:
    crypto-phelix.ads:285:29: Decrypt_Bytes ensures full initialization of "Destination".
    crypto-phelix.adb:163:41: "Destination" is initialized, there's an explicit assignment above
the postcondition of Crypto.Phelix.Decrypt_Bytes depends on
  effects on parameters and Global variables of Interfaces.Rotate_Left
  effects on parameters and Global variables of Interfaces.Shift_Left
  effects on parameters and Global variables of Interfaces.Shift_Right
  absence of run-time errors of Interfaces.Rotate_Left
  absence of run-time errors of Interfaces.Shift_Left
  absence of run-time errors of Interfaces.Shift_Right
effects on parameters and Global variables of Crypto.Phelix.Decrypt_Bytes depends on
  effects on parameters and Global variables of Interfaces.Rotate_Left
  effects on parameters and Global variables of Interfaces.Shift_Left
  effects on parameters and Global variables of Interfaces.Shift_Right
absence of run-time errors of Crypto.Phelix.Decrypt_Bytes depends on
  effects on parameters and Global variables of Interfaces.Rotate_Left
  effects on parameters and Global variables of Interfaces.Shift_Left
  effects on parameters and Global variables of Interfaces.Shift_Right
  absence of run-time errors of Interfaces.Rotate_Left
  absence of run-time errors of Interfaces.Shift_Left
  absence of run-time errors of Interfaces.Shift_Right
  Crypto.Phelix.Decrypt_Packet at crypto-phelix.ads:150 flow analyzed (0 errors and 0 warnings) and proved (10 checks)
   suppressed messages:
    crypto-phelix.adb:210:65: Full assignment is split between Msg_Header, and Msg_Body in Decrypt_Bytes.
the postcondition of Crypto.Phelix.Decrypt_Packet depends on
  effects on parameters and Global variables of Interfaces.Rotate_Left
  effects on parameters and Global variables of Interfaces.Shift_Left
  effects on parameters and Global variables of Interfaces.Shift_Right
  absence of run-time errors of Interfaces.Rotate_Left
  absence of run-time errors of Interfaces.Shift_Left
  absence of run-time errors of Interfaces.Shift_Right
effects on parameters and Global variables of Crypto.Phelix.Decrypt_Packet depends on
  effects on parameters and Global variables of Interfaces.Rotate_Left
  effects on parameters and Global variables of Interfaces.Shift_Left
  effects on parameters and Global variables of Interfaces.Shift_Right
absence of run-time errors of Crypto.Phelix.Decrypt_Packet depends on
  effects on parameters and Global variables of Interfaces.Rotate_Left
  effects on parameters and Global variables of Interfaces.Shift_Left
  effects on parameters and Global variables of Interfaces.Shift_Right
  absence of run-time errors of Interfaces.Rotate_Left
  absence of run-time errors of Interfaces.Shift_Left
  absence of run-time errors of Interfaces.Shift_Right
  Crypto.Phelix.Encrypt_Bytes at crypto-phelix.ads:251 flow analyzed (0 errors and 0 warnings) and proved (35 checks)
   suppressed messages:
    crypto-phelix.ads:253:29: Encrypt_Bytes ensures full initialization of "Destination".
    crypto-phelix.adb:265:41: "Destination" is initialized, there's an explicit assignment above
the postcondition of Crypto.Phelix.Encrypt_Bytes depends on
  effects on parameters and Global variables of Interfaces.Rotate_Left
  effects on parameters and Global variables of Interfaces.Shift_Left
  effects on parameters and Global variables of Interfaces.Shift_Right
  absence of run-time errors of Interfaces.Rotate_Left
  absence of run-time errors of Interfaces.Shift_Left
  absence of run-time errors of Interfaces.Shift_Right
effects on parameters and Global variables of Crypto.Phelix.Encrypt_Bytes depends on
  effects on parameters and Global variables of Interfaces.Rotate_Left
  effects on parameters and Global variables of Interfaces.Shift_Left
  effects on parameters and Global variables of Interfaces.Shift_Right
absence of run-time errors of Crypto.Phelix.Encrypt_Bytes depends on
  effects on parameters and Global variables of Interfaces.Rotate_Left
  effects on parameters and Global variables of Interfaces.Shift_Left
  effects on parameters and Global variables of Interfaces.Shift_Right
  absence of run-time errors of Interfaces.Rotate_Left
  absence of run-time errors of Interfaces.Shift_Left
  absence of run-time errors of Interfaces.Shift_Right
  Crypto.Phelix.Encrypt_Packet at crypto-phelix.ads:112 flow analyzed (0 errors and 0 warnings) and proved (11 checks)
   suppressed messages:
    crypto-phelix.adb:311:65: Full assignment is split between Msg_Header, and Msg_Body in Encrypt_Bytes.
the postcondition of Crypto.Phelix.Encrypt_Packet depends on
  effects on parameters and Global variables of Interfaces.Rotate_Left
  effects on parameters and Global variables of Interfaces.Shift_Left
  effects on parameters and Global variables of Interfaces.Shift_Right
  absence of run-time errors of Interfaces.Rotate_Left
  absence of run-time errors of Interfaces.Shift_Left
  absence of run-time errors of Interfaces.Shift_Right
effects on parameters and Global variables of Crypto.Phelix.Encrypt_Packet depends on
  effects on parameters and Global variables of Interfaces.Rotate_Left
  effects on parameters and Global variables of Interfaces.Shift_Left
  effects on parameters and Global variables of Interfaces.Shift_Right
absence of run-time errors of Crypto.Phelix.Encrypt_Packet depends on
  effects on parameters and Global variables of Interfaces.Rotate_Left
  effects on parameters and Global variables of Interfaces.Shift_Left
  effects on parameters and Global variables of Interfaces.Shift_Right
  absence of run-time errors of Interfaces.Rotate_Left
  absence of run-time errors of Interfaces.Shift_Left
  absence of run-time errors of Interfaces.Shift_Right
  Crypto.Phelix.Exclusive_Or at crypto-phelix.adb:27 flow analyzed (0 errors and 0 warnings) and proved (6 checks)
the postcondition of Crypto.Phelix.Exclusive_Or fully established
effects on parameters and Global variables of Crypto.Phelix.Exclusive_Or fully established
absence of run-time errors of Crypto.Phelix.Exclusive_Or fully established
  Crypto.Phelix.Finalize at crypto-phelix.ads:312 flow analyzed (0 errors and 0 warnings) and proved (29 checks)
   suppressed messages:
    crypto-phelix.adb:371:44: "Tmp" is initialized, there's an explicit assignment above
the postcondition of Crypto.Phelix.Finalize depends on
  effects on parameters and Global variables of Interfaces.Rotate_Left
  effects on parameters and Global variables of Interfaces.Shift_Right
  absence of run-time errors of Interfaces.Rotate_Left
  absence of run-time errors of Interfaces.Shift_Right
effects on parameters and Global variables of Crypto.Phelix.Finalize depends on
  effects on parameters and Global variables of Interfaces.Rotate_Left
  effects on parameters and Global variables of Interfaces.Shift_Right
absence of run-time errors of Crypto.Phelix.Finalize depends on
  effects on parameters and Global variables of Interfaces.Rotate_Left
  effects on parameters and Global variables of Interfaces.Shift_Right
  absence of run-time errors of Interfaces.Rotate_Left
  absence of run-time errors of Interfaces.Shift_Right
  Crypto.Phelix.H at crypto-phelix.adb:85 flow analyzed (0 errors and 0 warnings) and proved (1 checks)
the postcondition of Crypto.Phelix.H depends on
  effects on parameters and Global variables of Interfaces.Rotate_Left
  absence of run-time errors of Interfaces.Rotate_Left
effects on parameters and Global variables of Crypto.Phelix.H depends on
  effects on parameters and Global variables of Interfaces.Rotate_Left
absence of run-time errors of Crypto.Phelix.H depends on
  effects on parameters and Global variables of Interfaces.Rotate_Left
  absence of run-time errors of Interfaces.Rotate_Left
  Crypto.Phelix.Key_Size_32Predicate at crypto-phelix.ads:69 flow analyzed (0 errors and 0 warnings) and proved (1 checks)
effects on parameters and Global variables of Crypto.Phelix.Key_Size_32Predicate fully established
absence of run-time errors of Crypto.Phelix.Key_Size_32Predicate fully established
  Crypto.Phelix.MAC_Size_32Predicate at crypto-phelix.ads:66 flow analyzed (0 errors and 0 warnings) and proved (1 checks)
effects on parameters and Global variables of Crypto.Phelix.MAC_Size_32Predicate fully established
absence of run-time errors of Crypto.Phelix.MAC_Size_32Predicate fully established
  Crypto.Phelix.Process_AAD at crypto-phelix.ads:226 flow analyzed (0 errors and 0 warnings) and proved (15 checks)
the postcondition of Crypto.Phelix.Process_AAD depends on
  effects on parameters and Global variables of Interfaces.Rotate_Left
  effects on parameters and Global variables of Interfaces.Shift_Left
  absence of run-time errors of Interfaces.Rotate_Left
  absence of run-time errors of Interfaces.Shift_Left
effects on parameters and Global variables of Crypto.Phelix.Process_AAD depends on
  effects on parameters and Global variables of Interfaces.Rotate_Left
  effects on parameters and Global variables of Interfaces.Shift_Left
absence of run-time errors of Crypto.Phelix.Process_AAD depends on
  effects on parameters and Global variables of Interfaces.Rotate_Left
  effects on parameters and Global variables of Interfaces.Shift_Left
  absence of run-time errors of Interfaces.Rotate_Left
  absence of run-time errors of Interfaces.Shift_Left
  Crypto.Phelix.Setup_Key at crypto-phelix.ads:183 flow analyzed (0 errors and 0 warnings) and proved (33 checks)
the postcondition of Crypto.Phelix.Setup_Key depends on
  effects on parameters and Global variables of Interfaces.Rotate_Left
  effects on parameters and Global variables of Interfaces.Shift_Left
  absence of run-time errors of Interfaces.Rotate_Left
  absence of run-time errors of Interfaces.Shift_Left
effects on parameters and Global variables of Crypto.Phelix.Setup_Key depends on
  effects on parameters and Global variables of Interfaces.Rotate_Left
  effects on parameters and Global variables of Interfaces.Shift_Left
absence of run-time errors of Crypto.Phelix.Setup_Key depends on
  effects on parameters and Global variables of Interfaces.Rotate_Left
  effects on parameters and Global variables of Interfaces.Shift_Left
  absence of run-time errors of Interfaces.Rotate_Left
  absence of run-time errors of Interfaces.Shift_Left
  Crypto.Phelix.Setup_Key_Called at crypto-phelix.ads:97 flow analyzed (0 errors and 0 warnings) and proved (0 checks)
effects on parameters and Global variables of Crypto.Phelix.Setup_Key_Called fully established
absence of run-time errors of Crypto.Phelix.Setup_Key_Called fully established
  Crypto.Phelix.Setup_Nonce at crypto-phelix.ads:202 flow analyzed (0 errors and 0 warnings) and proved (8 checks)
the postcondition of Crypto.Phelix.Setup_Nonce depends on
  effects on parameters and Global variables of Interfaces.Rotate_Left
  effects on parameters and Global variables of Interfaces.Shift_Left
  absence of run-time errors of Interfaces.Rotate_Left
  absence of run-time errors of Interfaces.Shift_Left
effects on parameters and Global variables of Crypto.Phelix.Setup_Nonce depends on
  effects on parameters and Global variables of Interfaces.Rotate_Left
  effects on parameters and Global variables of Interfaces.Shift_Left
absence of run-time errors of Crypto.Phelix.Setup_Nonce depends on
  effects on parameters and Global variables of Interfaces.Rotate_Left
  effects on parameters and Global variables of Interfaces.Shift_Left
  absence of run-time errors of Interfaces.Rotate_Left
  absence of run-time errors of Interfaces.Shift_Left
  Crypto.Phelix.Setup_Nonce_Called at crypto-phelix.ads:101 flow analyzed (0 errors and 0 warnings) and proved (0 checks)
effects on parameters and Global variables of Crypto.Phelix.Setup_Nonce_Called fully established
absence of run-time errors of Crypto.Phelix.Setup_Nonce_Called fully established
  Crypto.Phelix.To_Unsigned at crypto-phelix.adb:38 flow analyzed (0 errors and 0 warnings) and proved (0 checks)
effects on parameters and Global variables of Crypto.Phelix.To_Unsigned depends on
  effects on parameters and Global variables of Interfaces.Shift_Left
absence of run-time errors of Crypto.Phelix.To_Unsigned depends on
  effects on parameters and Global variables of Interfaces.Shift_Left
  absence of run-time errors of Interfaces.Shift_Left
  Crypto.Phelix.To_Unsigned at crypto-phelix.adb:46 flow analyzed (0 errors and 0 warnings) and proved (0 checks)
effects on parameters and Global variables of Crypto.Phelix.To_Unsigned depends on
  effects on parameters and Global variables of Interfaces.Shift_Left
absence of run-time errors of Crypto.Phelix.To_Unsigned depends on
  effects on parameters and Global variables of Interfaces.Shift_Left
  absence of run-time errors of Interfaces.Shift_Left
  Crypto.Phelix.To_Unsigned at crypto-phelix.adb:54 flow analyzed (0 errors and 0 warnings) and proved (0 checks)
effects on parameters and Global variables of Crypto.Phelix.To_Unsigned depends on
  effects on parameters and Global variables of Interfaces.Shift_Left
absence of run-time errors of Crypto.Phelix.To_Unsigned depends on
  effects on parameters and Global variables of Interfaces.Shift_Left
  absence of run-time errors of Interfaces.Shift_Left
  Crypto.Phelix.To_Unsigned at crypto-phelix.adb:62 flow analyzed (0 errors and 0 warnings) and proved (0 checks)
effects on parameters and Global variables of Crypto.Phelix.To_Unsigned depends on
  effects on parameters and Global variables of Interfaces.Shift_Left
absence of run-time errors of Crypto.Phelix.To_Unsigned depends on
  effects on parameters and Global variables of Interfaces.Shift_Left
  absence of run-time errors of Interfaces.Shift_Left
